# //  Questa Sim-64
# //  Version 10.7c win64 Aug 18 2018
# //
# //  Copyright 1991-2018 Mentor Graphics Corporation
# //  All Rights Reserved.
# //
# //  QuestaSim and its associated documentation contain trade
# //  secrets and commercial or financial information that are the property of
# //  Mentor Graphics Corporation and are privileged, confidential,
# //  and exempt from disclosure under the Freedom of Information Act,
# //  5 U.S.C. Section 552. Furthermore, this information
# //  is prohibited from disclosure under the Trade Secrets Act,
# //  18 U.S.C. Section 1905.
# //
# vsim -i tbench_top -do "add wave -position insertpoint sim:/tbench_top/i_intf/*;coverage save -onexit <TESTSET_CODE_COVER> .vcdb; run -all;quit" -coverage -voptargs="+cover=bcfst" -l sim.log 
# Start time: 12:50:04 on Jul 24,2023
# ** Note: (vsim-3812) Design is being optimized...
# ** Warning: ..\tb\interface.sv(53): (vopt-2244) Variable 'cover_inst' is implicitly static. You must either explicitly declare it as static or automatic
# or remove the initialization in the declaration of variable.
# ** Warning: ..\tb\interface.sv(54): (vopt-2240) Treating stand-alone use of function 'get_coverage' as an implicit VOID cast.
# ** Warning: ..\tb\interface.sv(53): (vopt-2244) Variable 'cover_inst' is implicitly static. You must either explicitly declare it as static or automatic
# or remove the initialization in the declaration of variable.
# ** Warning: ..\tb\apb_test.sv(39): (vopt-2240) Treating stand-alone use of function 'flag' as an implicit VOID cast.
# ** Warning: ..\tb\apb_test.sv(22): (vopt-2250) Function "flag" has no return value assignment.
# Loading sv_std.std
# Loading mtiUvm.uvm_pkg
# Loading work.testbench_sv_unit(fast)
# Loading work.tbench_top(fast)
# Loading work.intf(fast)
# Loading work.apb_slave(fast)
# Loading mtiUvm.questa_uvm_pkg(fast)
# Loading work.intf(fast)
# Loading C:/questasim64_10.7c/uvm-1.1d\win64\uvm_dpi.dll
# add wave -position insertpoint sim:/tbench_top/i_intf/*
# coverage save -onexit <TESTSET_CODE_COVER> .vcdb
# ** Error: (vsim-17371) More than one file name specified.
# coverage save ... <file>
# OPTIONS:
# [-assert] [-codeAll] [-code [bcefs(t|x)]] [-cvg] [-directive]
# [-instance <pathname>] [-norecursive]
# [-du <duname>] [-empty] [-onexit] [-prune <path>] [-noadaptive]
# [-testname <name> | [-ovmtestname | -uvmtestname | -seed]+ ]
#  run -all
# ----------------------------------------------------------------
# UVM-1.1d
# (C) 2007-2013 Mentor Graphics Corporation
# (C) 2007-2013 Cadence Design Systems, Inc.
# (C) 2006-2013 Synopsys, Inc.
# (C) 2011-2013 Cypress Semiconductor Corp.
# ----------------------------------------------------------------
# 
#   ***********       IMPORTANT RELEASE NOTES         ************
# 
#   You are using a version of the UVM library that has been compiled
#   with `UVM_NO_DEPRECATED undefined.
#   See http://www.eda.org/svdb/view.php?id=3313 for more details.
# 
#   You are using a version of the UVM library that has been compiled
#   with `UVM_OBJECT_MUST_HAVE_CONSTRUCTOR undefined.
#   See http://www.eda.org/svdb/view.php?id=3770 for more details.
# 
#       (Specify +UVM_NO_RELNOTES to turn off this notice)
# 
# ** Fatal: (vsim-8543) The number of singleton values exceeded the system limit of '2147483647' for unsized array bin 'b2' in Coverpoint 'w_data' of Covergroup instance '\/tbench_top/i_intf/#ublk#460198#52/cover_inst '.
#    Time: 0 ns  Iteration: 0  Process: /tbench_top/i_intf/#INITIAL#53 File: ../tb/interface.sv
# Fatal error in Function new at ../tb/interface.sv line 13
# 
# HDL call sequence:
# Stopped at ../tb/interface.sv 13 Function new
# called from  ../tb/interface.sv 53 Module intf
# 
# quit
# End time: 13:08:35 on Jul 24,2023, Elapsed time: 0:18:31
# Errors: 4, Warnings: 5
